<?xml version="1.0" encoding="UTF-8"?>
<testsuites name="VendorAttributeAddon" time="105" tests="4" failures="0" errors="0">
   <testsuite name="VendorAttributeAddon" tests="4" failures="0" errors="0" time="105" timestamp="2018-09-30 16:41:20" hostname="User - DESKTOP-5HHLDMN" id="Test Suites/VendorAttributeAddon">
      <properties>
         <property name="deviceName" value=""/>
         <property name="devicePlatform" value=""/>
         <property name="logFolder" value="C:\\Users\\User\\Katalon Studio\\addonTestAutomation\\Reports\\VendorAttributeAddon\\20180930_164118"/>
         <property name="logFiles" value="C:\\Users\\User\\Katalon Studio\\addonTestAutomation\\Reports\\VendorAttributeAddon\\20180930_164118\\execution0.log"/>
         <property name="attachments" value=""/>
         <property name="hostName" value="User - DESKTOP-5HHLDMN"/>
         <property name="os" value="Windows 10 64bit"/>
         <property name="katalonVersion" value="5.7.1.1"/>
         <property name="browser" value="Chrome 69.0.3497.100"/>
         <property name="hostAddress" value="192.168.8.102"/>
         <property name="sessionId" value="10c1bdb41abe8bf80aa68dfb37164d48"/>
         <property name="seleniumVersion" value="3.7.1"/>
         <property name="proxyInformation" value="ProxyInformation{proxyOption=NO_PROXY, proxyServerType=HTTP, password=, proxyServerAddress=, proxyServerPort=0}"/>
         <property name="platform" value="Windows 10"/>
      </properties>
      <testcase name="Test Cases/VendorAttributeAddon/AddNewAttribute" classname="Test Cases/VendorAttributeAddon/AddNewAttribute" status="PASSED">
         <system-out><![CDATA[2018-09-30 16:41:20 - [TEST_CASE][PASSED] - Test Cases/VendorAttributeAddon/AddNewAttribute: Test Cases/VendorAttributeAddon/AddNewAttribute

2018-09-30 16:41:20 - [TEST_STEP][PASSED] - openBrowser: Browser is opened with url: ''

2018-09-30 16:41:24 - [MESSAGE][PASSED] - Browser is opened with url: ''

2018-09-30 16:41:24 - [TEST_STEP][PASSED] - maximizeWindow: Current window maximized

2018-09-30 16:41:25 - [MESSAGE][PASSED] - Current window maximized

2018-09-30 16:41:25 - [TEST_STEP][PASSED] - navigateToUrl: Navigate to 'http://46.101.72.110/admin_stage/admin/index/index/key/83f348aef1ab1267025c4f6ebf479c17e1de9cd81a89bb9a3a50f6ae7f861365/' successfully

2018-09-30 16:41:30 - [MESSAGE][PASSED] - Navigate to 'http://46.101.72.110/admin_stage/admin/index/index/key/83f348aef1ab1267025c4f6ebf479c17e1de9cd81a89bb9a3a50f6ae7f861365/' successfully

2018-09-30 16:41:30 - [TEST_STEP][PASSED] - setText: Text 'adminStage2' is set on object 'Object Repository/Page_Magento Admin/input_Username_loginusername'

2018-09-30 16:41:30 - [MESSAGE][PASSED] - Text 'adminStage2' is set on object 'Object Repository/Page_Magento Admin/input_Username_loginusername'

2018-09-30 16:41:30 - [TEST_STEP][PASSED] - setEncryptedText: Text ****** has been set on object 'Object Repository/Page_Magento Admin/input_Password_loginpassword'

2018-09-30 16:41:30 - [MESSAGE][PASSED] - Text ****** has been set on object 'Object Repository/Page_Magento Admin/input_Password_loginpassword'

2018-09-30 16:41:30 - [TEST_STEP][PASSED] - click: Object: 'Object Repository/Page_Magento Admin/span_Sign in' is clicked on

2018-09-30 16:41:33 - [MESSAGE][PASSED] - Object: 'Object Repository/Page_Magento Admin/span_Sign in' is clicked on

2018-09-30 16:41:33 - [TEST_STEP][PASSED] - click: Object: 'Object Repository/Page_Dashboard  Magento Admin/a_Marketplace' is clicked on

2018-09-30 16:41:33 - [MESSAGE][PASSED] - Object: 'Object Repository/Page_Dashboard  Magento Admin/a_Marketplace' is clicked on

2018-09-30 16:41:33 - [TEST_STEP][PASSED] - delay: Delayed 3 second(s)

2018-09-30 16:41:36 - [MESSAGE][PASSED] - Delayed 3 second(s)

2018-09-30 16:41:36 - [TEST_STEP][PASSED] - scrollToPosition: Browser is scrolled to position x = 100, y = 60

2018-09-30 16:41:36 - [MESSAGE][PASSED] - Browser is scrolled to position x = 100, y = 60

2018-09-30 16:41:36 - [TEST_STEP][PASSED] - click: Object: 'Object Repository/Page_Dashboard  Magento Admin/a_Vendor Attributes' is clicked on

2018-09-30 16:41:38 - [MESSAGE][PASSED] - Object: 'Object Repository/Page_Dashboard  Magento Admin/a_Vendor Attributes' is clicked on

2018-09-30 16:41:38 - [TEST_STEP][PASSED] - delay: Delayed 1 second(s)

2018-09-30 16:41:40 - [MESSAGE][PASSED] - Delayed 1 second(s)

2018-09-30 16:41:40 - [TEST_STEP][PASSED] - click: Object: 'Object Repository/Page_Manage Vendor Attributes  Mana/button_Add New Attribute' is clicked on

2018-09-30 16:41:42 - [MESSAGE][PASSED] - Object: 'Object Repository/Page_Manage Vendor Attributes  Mana/button_Add New Attribute' is clicked on

2018-09-30 16:41:42 - [TEST_STEP][PASSED] - delay: Delayed 1 second(s)

2018-09-30 16:41:43 - [MESSAGE][PASSED] - Delayed 1 second(s)

2018-09-30 16:41:43 - [TEST_STEP][PASSED] - setText: Text 'testattrib125' is set on object 'Object Repository/Page_New Vendor Attribute  Product/input_Default Label_frontend_l'

2018-09-30 16:41:43 - [MESSAGE][PASSED] - Text 'testattrib125' is set on object 'Object Repository/Page_New Vendor Attribute  Product/input_Default Label_frontend_l'

2018-09-30 16:41:43 - [TEST_STEP][PASSED] - rightClick: Object: 'Object Repository/Page_New Vendor Attribute  Product/input_Attribute Code_attribute' is right clicked on

2018-09-30 16:41:43 - [MESSAGE][PASSED] - Object: 'Object Repository/Page_New Vendor Attribute  Product/input_Attribute Code_attribute' is right clicked on

2018-09-30 16:41:43 - [TEST_STEP][PASSED] - setText: Text 'testattrib125' is set on object 'Object Repository/Page_New Vendor Attribute  Product/input_Attribute Code_attribute'

2018-09-30 16:41:44 - [MESSAGE][PASSED] - Text 'testattrib125' is set on object 'Object Repository/Page_New Vendor Attribute  Product/input_Attribute Code_attribute'

2018-09-30 16:41:44 - [TEST_STEP][PASSED] - selectOptionByValue: All options with value 'textarea' are selected in object 'Object Repository/Page_New Vendor Attribute  Product/select_Text FieldText AreaDate'  using regular expression

2018-09-30 16:41:44 - [MESSAGE][PASSED] - All options with value 'textarea' are selected in object 'Object Repository/Page_New Vendor Attribute  Product/select_Text FieldText AreaDate'  using regular expression

2018-09-30 16:41:44 - [TEST_STEP][PASSED] - selectOptionByValue: All options with value '1' are selected in object 'Object Repository/Page_New Vendor Attribute  Product/select_YesNo'  using regular expression

2018-09-30 16:41:44 - [MESSAGE][PASSED] - All options with value '1' are selected in object 'Object Repository/Page_New Vendor Attribute  Product/select_YesNo'  using regular expression

2018-09-30 16:41:44 - [TEST_STEP][PASSED] - setText: Text 'test' is set on object 'Object Repository/Page_New Vendor Attribute  Product/textarea_Default Value_default'

2018-09-30 16:41:44 - [MESSAGE][PASSED] - Text 'test' is set on object 'Object Repository/Page_New Vendor Attribute  Product/textarea_Default Value_default'

2018-09-30 16:41:44 - [TEST_STEP][PASSED] - selectOptionByValue: All options with value '1' are selected in object 'Object Repository/Page_New Vendor Attribute  Product/select_YesNo_1'  using regular expression

2018-09-30 16:41:44 - [MESSAGE][PASSED] - All options with value '1' are selected in object 'Object Repository/Page_New Vendor Attribute  Product/select_YesNo_1'  using regular expression

2018-09-30 16:41:44 - [TEST_STEP][PASSED] - selectOptionByValue: All options with value 'validate-number' are selected in object 'Object Repository/Page_New Vendor Attribute  Product/select_NoneDecimal NumberInteg'  using regular expression

2018-09-30 16:41:45 - [MESSAGE][PASSED] - All options with value 'validate-number' are selected in object 'Object Repository/Page_New Vendor Attribute  Product/select_NoneDecimal NumberInteg'  using regular expression

2018-09-30 16:41:45 - [TEST_STEP][PASSED] - selectOptionByValue: All options with value '1' are selected in object 'Object Repository/Page_New Vendor Attribute  Product/select_YesNo_2'  using regular expression

2018-09-30 16:41:45 - [MESSAGE][PASSED] - All options with value '1' are selected in object 'Object Repository/Page_New Vendor Attribute  Product/select_YesNo_2'  using regular expression

2018-09-30 16:41:45 - [TEST_STEP][PASSED] - selectOptionByValue: All options with value '1' are selected in object 'Object Repository/Page_New Vendor Attribute  Product/select_YesNo_3'  using regular expression

2018-09-30 16:41:45 - [MESSAGE][PASSED] - All options with value '1' are selected in object 'Object Repository/Page_New Vendor Attribute  Product/select_YesNo_3'  using regular expression

2018-09-30 16:41:45 - [TEST_STEP][PASSED] - selectOptionByValue: All options with value '1' are selected in object 'Object Repository/Page_New Vendor Attribute  Product/select_YesNo_4'  using regular expression

2018-09-30 16:41:45 - [MESSAGE][PASSED] - All options with value '1' are selected in object 'Object Repository/Page_New Vendor Attribute  Product/select_YesNo_4'  using regular expression

2018-09-30 16:41:45 - [TEST_STEP][PASSED] - selectOptionByValue: All options with value '1' are selected in object 'Object Repository/Page_New Vendor Attribute  Product/select_YesNo_5'  using regular expression

2018-09-30 16:41:46 - [MESSAGE][PASSED] - All options with value '1' are selected in object 'Object Repository/Page_New Vendor Attribute  Product/select_YesNo_5'  using regular expression

2018-09-30 16:41:46 - [TEST_STEP][PASSED] - click: Object: 'Object Repository/Page_New Vendor Attribute  Product/button_Save Attribute' is clicked on

2018-09-30 16:41:46 - [MESSAGE][PASSED] - Object: 'Object Repository/Page_New Vendor Attribute  Product/button_Save Attribute' is clicked on

2018-09-30 16:41:46 - [TEST_STEP][PASSED] - delay: Delayed 1 second(s)

2018-09-30 16:41:47 - [MESSAGE][PASSED] - Delayed 1 second(s)

2018-09-30 16:41:47 - [TEST_STEP][PASSED] - verifyElementPresent: Object 'Object Repository/Page_Manage Vendor Attributes  Mana/div_You saved the vendor attri' is present

2018-09-30 16:41:47 - [MESSAGE][WARNING] - Timeout '0' is invalid. Using default page load timeout: '10'

2018-09-30 16:41:48 - [MESSAGE][PASSED] - Object 'Object Repository/Page_Manage Vendor Attributes  Mana/div_You saved the vendor attri' is present

2018-09-30 16:41:48 - [TEST_STEP][PASSED] - closeBrowser: Browser is closed

2018-09-30 16:41:49 - [MESSAGE][PASSED] - Browser is closed]]></system-out>
         <system-err><![CDATA[]]></system-err>
      </testcase>
      <testcase name="Test Cases/VendorAttributeAddon/SearchAttribute" classname="Test Cases/VendorAttributeAddon/SearchAttribute" status="PASSED">
         <system-out><![CDATA[2018-09-30 16:41:49 - [TEST_CASE][PASSED] - Test Cases/VendorAttributeAddon/SearchAttribute: Test Cases/VendorAttributeAddon/SearchAttribute

2018-09-30 16:41:49 - [TEST_STEP][PASSED] - openBrowser: Browser is opened with url: ''

2018-09-30 16:41:51 - [MESSAGE][PASSED] - Browser is opened with url: ''

2018-09-30 16:41:51 - [TEST_STEP][PASSED] - maximizeWindow: Current window maximized

2018-09-30 16:41:52 - [MESSAGE][PASSED] - Current window maximized

2018-09-30 16:41:52 - [TEST_STEP][PASSED] - navigateToUrl: Navigate to 'http://46.101.72.110/admin_stage/admin/index/index/key/6179d2611c845079ec2ae3e70da4e0efdabf7e6cb1d29321cea6461333372126/' successfully

2018-09-30 16:41:57 - [MESSAGE][PASSED] - Navigate to 'http://46.101.72.110/admin_stage/admin/index/index/key/6179d2611c845079ec2ae3e70da4e0efdabf7e6cb1d29321cea6461333372126/' successfully

2018-09-30 16:41:57 - [TEST_STEP][PASSED] - setText: Text 'adminStage2' is set on object 'Object Repository/Page_Magento Admin/input_Username_loginusername (1)'

2018-09-30 16:41:57 - [MESSAGE][PASSED] - Text 'adminStage2' is set on object 'Object Repository/Page_Magento Admin/input_Username_loginusername (1)'

2018-09-30 16:41:57 - [TEST_STEP][PASSED] - setEncryptedText: Text ****** has been set on object 'Object Repository/Page_Magento Admin/input_Password_loginpassword (1)'

2018-09-30 16:41:57 - [MESSAGE][PASSED] - Text ****** has been set on object 'Object Repository/Page_Magento Admin/input_Password_loginpassword (1)'

2018-09-30 16:41:57 - [TEST_STEP][PASSED] - click: Object: 'Object Repository/Page_Magento Admin/button_Sign in' is clicked on

2018-09-30 16:41:59 - [MESSAGE][PASSED] - Object: 'Object Repository/Page_Magento Admin/button_Sign in' is clicked on

2018-09-30 16:41:59 - [TEST_STEP][PASSED] - delay: Delayed 1 second(s)

2018-09-30 16:42:00 - [MESSAGE][PASSED] - Delayed 1 second(s)

2018-09-30 16:42:00 - [TEST_STEP][PASSED] - click: Object: 'Object Repository/Page_Dashboard  Magento Admin/a_Marketplace' is clicked on

2018-09-30 16:42:01 - [MESSAGE][PASSED] - Object: 'Object Repository/Page_Dashboard  Magento Admin/a_Marketplace' is clicked on

2018-09-30 16:42:01 - [TEST_STEP][PASSED] - delay: Delayed 3 second(s)

2018-09-30 16:42:04 - [MESSAGE][PASSED] - Delayed 3 second(s)

2018-09-30 16:42:04 - [TEST_STEP][PASSED] - click: Object: 'Object Repository/Page_Dashboard  Magento Admin/a_Vendor Attributes' is clicked on

2018-09-30 16:42:06 - [MESSAGE][PASSED] - Object: 'Object Repository/Page_Dashboard  Magento Admin/a_Vendor Attributes' is clicked on

2018-09-30 16:42:06 - [TEST_STEP][PASSED] - setText: Text 'testattrib125' is set on object 'Object Repository/Page_Manage Vendor Attributes  Mana/input_Step Number_attribute_co'

2018-09-30 16:42:06 - [MESSAGE][PASSED] - Text 'testattrib125' is set on object 'Object Repository/Page_Manage Vendor Attributes  Mana/input_Step Number_attribute_co'

2018-09-30 16:42:06 - [TEST_STEP][PASSED] - click: Object: 'Object Repository/Page_Manage Vendor Attributes  Mana/button_Search' is clicked on

2018-09-30 16:42:08 - [MESSAGE][PASSED] - Object: 'Object Repository/Page_Manage Vendor Attributes  Mana/button_Search' is clicked on

2018-09-30 16:42:08 - [TEST_STEP][PASSED] - verifyElementPresent: Object 'Object Repository/Page_Manage Vendor Attributes  Mana/div_1' is present

2018-09-30 16:42:08 - [MESSAGE][WARNING] - Timeout '0' is invalid. Using default page load timeout: '10'

2018-09-30 16:42:08 - [MESSAGE][PASSED] - Object 'Object Repository/Page_Manage Vendor Attributes  Mana/div_1' is present

2018-09-30 16:42:08 - [TEST_STEP][PASSED] - closeBrowser: Browser is closed

2018-09-30 16:42:09 - [MESSAGE][PASSED] - Browser is closed]]></system-out>
         <system-err><![CDATA[]]></system-err>
      </testcase>
      <testcase name="Test Cases/VendorAttributeAddon/EditAttribute" classname="Test Cases/VendorAttributeAddon/EditAttribute" status="PASSED">
         <system-out><![CDATA[2018-09-30 16:42:09 - [TEST_CASE][PASSED] - Test Cases/VendorAttributeAddon/EditAttribute: Test Cases/VendorAttributeAddon/EditAttribute

2018-09-30 16:42:09 - [TEST_STEP][PASSED] - openBrowser: Browser is opened with url: ''

2018-09-30 16:42:11 - [MESSAGE][PASSED] - Browser is opened with url: ''

2018-09-30 16:42:11 - [TEST_STEP][PASSED] - maximizeWindow: Current window maximized

2018-09-30 16:42:12 - [MESSAGE][PASSED] - Current window maximized

2018-09-30 16:42:12 - [TEST_STEP][PASSED] - navigateToUrl: Navigate to 'http://46.101.72.110/admin_stage/admin/index/index/key/6179d2611c845079ec2ae3e70da4e0efdabf7e6cb1d29321cea6461333372126/' successfully

2018-09-30 16:42:17 - [MESSAGE][PASSED] - Navigate to 'http://46.101.72.110/admin_stage/admin/index/index/key/6179d2611c845079ec2ae3e70da4e0efdabf7e6cb1d29321cea6461333372126/' successfully

2018-09-30 16:42:17 - [TEST_STEP][PASSED] - setText: Text 'adminStage2' is set on object 'Object Repository/Page_Magento Admin/input_Username_loginusername (1)'

2018-09-30 16:42:17 - [MESSAGE][PASSED] - Text 'adminStage2' is set on object 'Object Repository/Page_Magento Admin/input_Username_loginusername (1)'

2018-09-30 16:42:17 - [TEST_STEP][PASSED] - setEncryptedText: Text ****** has been set on object 'Object Repository/Page_Magento Admin/input_Password_loginpassword (1)'

2018-09-30 16:42:17 - [MESSAGE][PASSED] - Text ****** has been set on object 'Object Repository/Page_Magento Admin/input_Password_loginpassword (1)'

2018-09-30 16:42:17 - [TEST_STEP][PASSED] - click: Object: 'Object Repository/Page_Magento Admin/button_Sign in' is clicked on

2018-09-30 16:42:20 - [MESSAGE][PASSED] - Object: 'Object Repository/Page_Magento Admin/button_Sign in' is clicked on

2018-09-30 16:42:20 - [TEST_STEP][PASSED] - delay: Delayed 1 second(s)

2018-09-30 16:42:21 - [MESSAGE][PASSED] - Delayed 1 second(s)

2018-09-30 16:42:21 - [TEST_STEP][PASSED] - click: Object: 'Object Repository/Page_Dashboard  Magento Admin/a_Marketplace' is clicked on

2018-09-30 16:42:21 - [MESSAGE][PASSED] - Object: 'Object Repository/Page_Dashboard  Magento Admin/a_Marketplace' is clicked on

2018-09-30 16:42:21 - [TEST_STEP][PASSED] - delay: Delayed 3 second(s)

2018-09-30 16:42:24 - [MESSAGE][PASSED] - Delayed 3 second(s)

2018-09-30 16:42:24 - [TEST_STEP][PASSED] - click: Object: 'Object Repository/Page_Dashboard  Magento Admin/a_Vendor Attributes' is clicked on

2018-09-30 16:42:26 - [MESSAGE][PASSED] - Object: 'Object Repository/Page_Dashboard  Magento Admin/a_Vendor Attributes' is clicked on

2018-09-30 16:42:26 - [TEST_STEP][PASSED] - setText: Text 'testattrib125' is set on object 'Object Repository/Page_Manage Vendor Attributes  Mana/input_Step Number_attribute_co'

2018-09-30 16:42:27 - [MESSAGE][PASSED] - Text 'testattrib125' is set on object 'Object Repository/Page_Manage Vendor Attributes  Mana/input_Step Number_attribute_co'

2018-09-30 16:42:27 - [TEST_STEP][PASSED] - click: Object: 'Object Repository/Page_Manage Vendor Attributes  Mana/button_Search' is clicked on

2018-09-30 16:42:28 - [MESSAGE][PASSED] - Object: 'Object Repository/Page_Manage Vendor Attributes  Mana/button_Search' is clicked on

2018-09-30 16:42:28 - [TEST_STEP][PASSED] - verifyElementPresent: Object 'Object Repository/Page_Manage Vendor Attributes  Mana/div_1' is present

2018-09-30 16:42:28 - [MESSAGE][WARNING] - Timeout '0' is invalid. Using default page load timeout: '10'

2018-09-30 16:42:28 - [MESSAGE][PASSED] - Object 'Object Repository/Page_Manage Vendor Attributes  Mana/div_1' is present

2018-09-30 16:42:28 - [TEST_STEP][PASSED] - click: Object: 'Object Repository/Page_Manage Vendor Attributes  Mana/td_testattrib125' is clicked on

2018-09-30 16:42:30 - [MESSAGE][PASSED] - Object: 'Object Repository/Page_Manage Vendor Attributes  Mana/td_testattrib125' is clicked on

2018-09-30 16:42:30 - [TEST_STEP][PASSED] - selectOptionByValue: All options with value '0' are selected in object 'Object Repository/Page_testattrib125  Product Attribu/select_YesNo'  using regular expression

2018-09-30 16:42:30 - [MESSAGE][PASSED] - All options with value '0' are selected in object 'Object Repository/Page_testattrib125  Product Attribu/select_YesNo'  using regular expression

2018-09-30 16:42:30 - [TEST_STEP][PASSED] - setText: Text '' is set on object 'Object Repository/Page_testattrib125  Product Attribu/textarea_test'

2018-09-30 16:42:31 - [MESSAGE][PASSED] - Text '' is set on object 'Object Repository/Page_testattrib125  Product Attribu/textarea_test'

2018-09-30 16:42:31 - [TEST_STEP][PASSED] - selectOptionByValue: All options with value '0' are selected in object 'Object Repository/Page_testattrib125  Product Attribu/select_YesNo_1'  using regular expression

2018-09-30 16:42:31 - [MESSAGE][PASSED] - All options with value '0' are selected in object 'Object Repository/Page_testattrib125  Product Attribu/select_YesNo_1'  using regular expression

2018-09-30 16:42:31 - [TEST_STEP][PASSED] - selectOptionByValue: All options with value '0' are selected in object 'Object Repository/Page_testattrib125  Product Attribu/select_YesNo_2'  using regular expression

2018-09-30 16:42:31 - [MESSAGE][PASSED] - All options with value '0' are selected in object 'Object Repository/Page_testattrib125  Product Attribu/select_YesNo_2'  using regular expression

2018-09-30 16:42:31 - [TEST_STEP][PASSED] - selectOptionByValue: All options with value '0' are selected in object 'Object Repository/Page_testattrib125  Product Attribu/select_YesNo_3'  using regular expression

2018-09-30 16:42:31 - [MESSAGE][PASSED] - All options with value '0' are selected in object 'Object Repository/Page_testattrib125  Product Attribu/select_YesNo_3'  using regular expression

2018-09-30 16:42:31 - [TEST_STEP][PASSED] - selectOptionByValue: All options with value '0' are selected in object 'Object Repository/Page_testattrib125  Product Attribu/select_YesNo_4'  using regular expression

2018-09-30 16:42:31 - [MESSAGE][PASSED] - All options with value '0' are selected in object 'Object Repository/Page_testattrib125  Product Attribu/select_YesNo_4'  using regular expression

2018-09-30 16:42:31 - [TEST_STEP][PASSED] - click: Object: 'Object Repository/Page_testattrib125  Product Attribu/button_Save Attribute' is clicked on

2018-09-30 16:42:31 - [MESSAGE][PASSED] - Object: 'Object Repository/Page_testattrib125  Product Attribu/button_Save Attribute' is clicked on

2018-09-30 16:42:32 - [TEST_STEP][PASSED] - delay: Delayed 1 second(s)

2018-09-30 16:42:33 - [MESSAGE][PASSED] - Delayed 1 second(s)

2018-09-30 16:42:33 - [TEST_STEP][PASSED] - verifyElementPresent: Object 'Object Repository/Page_Manage Vendor Attributes  Mana/div_You saved the vendor attri' is present

2018-09-30 16:42:33 - [MESSAGE][WARNING] - Timeout '0' is invalid. Using default page load timeout: '10'

2018-09-30 16:42:34 - [MESSAGE][PASSED] - Object 'Object Repository/Page_Manage Vendor Attributes  Mana/div_You saved the vendor attri' is present]]></system-out>
         <system-err><![CDATA[]]></system-err>
      </testcase>
      <testcase name="Test Cases/VendorAttributeAddon/DeleteAttribute" classname="Test Cases/VendorAttributeAddon/DeleteAttribute" status="PASSED">
         <system-out><![CDATA[2018-09-30 16:42:34 - [TEST_CASE][PASSED] - Test Cases/VendorAttributeAddon/DeleteAttribute: Test Cases/VendorAttributeAddon/DeleteAttribute

2018-09-30 16:42:34 - [TEST_STEP][PASSED] - openBrowser: Browser is opened with url: ''

2018-09-30 16:42:34 - [MESSAGE][WARNING] - A browser is already opened. Closing browser and opening a new one

2018-09-30 16:42:37 - [MESSAGE][PASSED] - Browser is opened with url: ''

2018-09-30 16:42:37 - [TEST_STEP][PASSED] - maximizeWindow: Current window maximized

2018-09-30 16:42:38 - [MESSAGE][PASSED] - Current window maximized

2018-09-30 16:42:38 - [TEST_STEP][PASSED] - navigateToUrl: Navigate to 'http://46.101.72.110/admin_stage/admin/index/index/key/6179d2611c845079ec2ae3e70da4e0efdabf7e6cb1d29321cea6461333372126/' successfully

2018-09-30 16:42:42 - [MESSAGE][PASSED] - Navigate to 'http://46.101.72.110/admin_stage/admin/index/index/key/6179d2611c845079ec2ae3e70da4e0efdabf7e6cb1d29321cea6461333372126/' successfully

2018-09-30 16:42:42 - [TEST_STEP][PASSED] - setText: Text 'adminStage2' is set on object 'Object Repository/Page_Magento Admin/input_Username_loginusername (1)'

2018-09-30 16:42:42 - [MESSAGE][PASSED] - Text 'adminStage2' is set on object 'Object Repository/Page_Magento Admin/input_Username_loginusername (1)'

2018-09-30 16:42:42 - [TEST_STEP][PASSED] - setEncryptedText: Text ****** has been set on object 'Object Repository/Page_Magento Admin/input_Password_loginpassword (1)'

2018-09-30 16:42:42 - [MESSAGE][PASSED] - Text ****** has been set on object 'Object Repository/Page_Magento Admin/input_Password_loginpassword (1)'

2018-09-30 16:42:42 - [TEST_STEP][PASSED] - click: Object: 'Object Repository/Page_Magento Admin/button_Sign in' is clicked on

2018-09-30 16:42:45 - [MESSAGE][PASSED] - Object: 'Object Repository/Page_Magento Admin/button_Sign in' is clicked on

2018-09-30 16:42:45 - [TEST_STEP][PASSED] - delay: Delayed 1 second(s)

2018-09-30 16:42:46 - [MESSAGE][PASSED] - Delayed 1 second(s)

2018-09-30 16:42:46 - [TEST_STEP][PASSED] - click: Object: 'Object Repository/Page_Dashboard  Magento Admin/a_Marketplace' is clicked on

2018-09-30 16:42:47 - [MESSAGE][PASSED] - Object: 'Object Repository/Page_Dashboard  Magento Admin/a_Marketplace' is clicked on

2018-09-30 16:42:47 - [TEST_STEP][PASSED] - delay: Delayed 3 second(s)

2018-09-30 16:42:50 - [MESSAGE][PASSED] - Delayed 3 second(s)

2018-09-30 16:42:50 - [TEST_STEP][PASSED] - click: Object: 'Object Repository/Page_Dashboard  Magento Admin/a_Vendor Attributes' is clicked on

2018-09-30 16:42:52 - [MESSAGE][PASSED] - Object: 'Object Repository/Page_Dashboard  Magento Admin/a_Vendor Attributes' is clicked on

2018-09-30 16:42:52 - [TEST_STEP][PASSED] - setText: Text 'testattrib125' is set on object 'Object Repository/Page_Manage Vendor Attributes  Mana/input_Step Number_attribute_co (1)'

2018-09-30 16:42:52 - [MESSAGE][PASSED] - Text 'testattrib125' is set on object 'Object Repository/Page_Manage Vendor Attributes  Mana/input_Step Number_attribute_co (1)'

2018-09-30 16:42:52 - [TEST_STEP][PASSED] - click: Object: 'Object Repository/Page_Manage Vendor Attributes  Mana/button_Search (1)' is clicked on

2018-09-30 16:42:54 - [MESSAGE][PASSED] - Object: 'Object Repository/Page_Manage Vendor Attributes  Mana/button_Search (1)' is clicked on

2018-09-30 16:42:54 - [TEST_STEP][PASSED] - verifyElementPresent: Object 'Object Repository/Page_Manage Vendor Attributes  Mana/div_1 (1)' is present

2018-09-30 16:42:54 - [MESSAGE][WARNING] - Timeout '0' is invalid. Using default page load timeout: '10'

2018-09-30 16:42:54 - [MESSAGE][PASSED] - Object 'Object Repository/Page_Manage Vendor Attributes  Mana/div_1 (1)' is present

2018-09-30 16:42:54 - [TEST_STEP][PASSED] - click: Object: 'Object Repository/Page_Manage Vendor Attributes  Mana/td_testattrib125 (1)' is clicked on

2018-09-30 16:42:56 - [MESSAGE][PASSED] - Object: 'Object Repository/Page_Manage Vendor Attributes  Mana/td_testattrib125 (1)' is clicked on

2018-09-30 16:42:56 - [TEST_STEP][PASSED] - delay: Delayed 3 second(s)

2018-09-30 16:42:59 - [MESSAGE][PASSED] - Delayed 3 second(s)

2018-09-30 16:42:59 - [TEST_STEP][PASSED] - click: Object: 'Object Repository/Page_testattrib125  Product Attribu/button_Delete Attribute' is clicked on

2018-09-30 16:42:59 - [MESSAGE][PASSED] - Object: 'Object Repository/Page_testattrib125  Product Attribu/button_Delete Attribute' is clicked on

2018-09-30 16:42:59 - [TEST_STEP][PASSED] - delay: Delayed 3 second(s)

2018-09-30 16:43:02 - [MESSAGE][PASSED] - Delayed 3 second(s)

2018-09-30 16:43:02 - [TEST_STEP][PASSED] - focus: Object: 'Object Repository/Page_testattrib125  Product Attribu/button_OK' is focused

2018-09-30 16:43:02 - [MESSAGE][PASSED] - Object: 'Object Repository/Page_testattrib125  Product Attribu/button_OK' is focused

2018-09-30 16:43:02 - [TEST_STEP][PASSED] - click: Object: 'Object Repository/Page_testattrib125  Product Attribu/button_OK' is clicked on

2018-09-30 16:43:05 - [MESSAGE][PASSED] - Object: 'Object Repository/Page_testattrib125  Product Attribu/button_OK' is clicked on

2018-09-30 16:43:05 - [TEST_STEP][PASSED] - closeBrowser: Browser is closed

2018-09-30 16:43:05 - [MESSAGE][PASSED] - Browser is closed]]></system-out>
         <system-err><![CDATA[]]></system-err>
      </testcase>
      <system-out><![CDATA[2018-09-30 16:41:20 - [TEST_SUITE][PASSED] - VendorAttributeAddon: Test Cases/VendorAttributeAddon/DeleteAttribute]]></system-out>
      <system-err><![CDATA[]]></system-err>
   </testsuite>
</testsuites>
