<?xml version="1.0" encoding="UTF-8"?>
<testsuites name="VendorAttributeAddon" time="95" tests="4" failures="0" errors="0">
   <testsuite name="VendorAttributeAddon" tests="4" failures="0" errors="0" time="95" timestamp="2018-09-19 21:47:18" hostname="User - DESKTOP-5HHLDMN" id="Test Suites/VendorAttributeAddon">
      <properties>
         <property name="deviceName" value=""/>
         <property name="devicePlatform" value=""/>
         <property name="logFolder" value="C:\\Users\\User\\Katalon Studio\\addonTestAutomation\\Reports\\VendorAttributeAddon\\20180919_214716"/>
         <property name="logFiles" value="C:\\Users\\User\\Katalon Studio\\addonTestAutomation\\Reports\\VendorAttributeAddon\\20180919_214716\\execution0.log"/>
         <property name="attachments" value=""/>
         <property name="hostName" value="User - DESKTOP-5HHLDMN"/>
         <property name="os" value="Windows 10 64bit"/>
         <property name="katalonVersion" value="5.7.0.1"/>
         <property name="browser" value="Chrome 68.0.3440.106"/>
         <property name="hostAddress" value="192.168.8.100"/>
         <property name="sessionId" value="7bc83a70c8a4f6b66367144679906ab7"/>
         <property name="seleniumVersion" value="3.7.1"/>
         <property name="proxyInformation" value="ProxyInformation{proxyOption=NO_PROXY, proxyServerType=HTTP, password=, proxyServerAddress=, proxyServerPort=0}"/>
         <property name="platform" value="Windows 10"/>
      </properties>
      <testcase name="Test Cases/VendorAttributeAddon/AddNewAttribute" classname="Test Cases/VendorAttributeAddon/AddNewAttribute" status="PASSED">
         <system-out><![CDATA[2018-09-19 21:47:18 - [TEST_CASE][PASSED] - Test Cases/VendorAttributeAddon/AddNewAttribute: Test Cases/VendorAttributeAddon/AddNewAttribute

2018-09-19 21:47:19 - [TEST_STEP][PASSED] - openBrowser: Browser is opened with url: ''

2018-09-19 21:47:23 - [MESSAGE][PASSED] - Browser is opened with url: ''

2018-09-19 21:47:23 - [TEST_STEP][PASSED] - maximizeWindow: Current window maximized

2018-09-19 21:47:24 - [MESSAGE][PASSED] - Current window maximized

2018-09-19 21:47:24 - [TEST_STEP][PASSED] - navigateToUrl: Navigate to 'http://46.101.72.110/admin_stage/admin/index/index/key/83f348aef1ab1267025c4f6ebf479c17e1de9cd81a89bb9a3a50f6ae7f861365/' successfully

2018-09-19 21:47:28 - [MESSAGE][PASSED] - Navigate to 'http://46.101.72.110/admin_stage/admin/index/index/key/83f348aef1ab1267025c4f6ebf479c17e1de9cd81a89bb9a3a50f6ae7f861365/' successfully

2018-09-19 21:47:28 - [TEST_STEP][PASSED] - setText: Text 'adminStage2' is set on object 'Object Repository/Page_Magento Admin/input_Username_loginusername'

2018-09-19 21:47:28 - [MESSAGE][PASSED] - Text 'adminStage2' is set on object 'Object Repository/Page_Magento Admin/input_Username_loginusername'

2018-09-19 21:47:28 - [TEST_STEP][PASSED] - setEncryptedText: Text ****** has been set on object 'Object Repository/Page_Magento Admin/input_Password_loginpassword'

2018-09-19 21:47:28 - [MESSAGE][PASSED] - Text ****** has been set on object 'Object Repository/Page_Magento Admin/input_Password_loginpassword'

2018-09-19 21:47:28 - [TEST_STEP][PASSED] - click: Object: 'Object Repository/Page_Magento Admin/span_Sign in' is clicked on

2018-09-19 21:47:31 - [MESSAGE][PASSED] - Object: 'Object Repository/Page_Magento Admin/span_Sign in' is clicked on

2018-09-19 21:47:31 - [TEST_STEP][PASSED] - click: Object: 'Object Repository/Page_Dashboard  Magento Admin/a_Marketplace' is clicked on

2018-09-19 21:47:31 - [MESSAGE][PASSED] - Object: 'Object Repository/Page_Dashboard  Magento Admin/a_Marketplace' is clicked on

2018-09-19 21:47:31 - [TEST_STEP][PASSED] - delay: Delayed 1 second(s)

2018-09-19 21:47:32 - [MESSAGE][PASSED] - Delayed 1 second(s)

2018-09-19 21:47:32 - [TEST_STEP][PASSED] - click: Object: 'Object Repository/Page_Dashboard  Magento Admin/a_Vendor Attributes' is clicked on

2018-09-19 21:47:34 - [MESSAGE][PASSED] - Object: 'Object Repository/Page_Dashboard  Magento Admin/a_Vendor Attributes' is clicked on

2018-09-19 21:47:34 - [TEST_STEP][PASSED] - delay: Delayed 1 second(s)

2018-09-19 21:47:35 - [MESSAGE][PASSED] - Delayed 1 second(s)

2018-09-19 21:47:35 - [TEST_STEP][PASSED] - click: Object: 'Object Repository/Page_Manage Vendor Attributes  Mana/button_Add New Attribute' is clicked on

2018-09-19 21:47:38 - [MESSAGE][PASSED] - Object: 'Object Repository/Page_Manage Vendor Attributes  Mana/button_Add New Attribute' is clicked on

2018-09-19 21:47:38 - [TEST_STEP][PASSED] - delay: Delayed 1 second(s)

2018-09-19 21:47:39 - [MESSAGE][PASSED] - Delayed 1 second(s)

2018-09-19 21:47:39 - [TEST_STEP][PASSED] - setText: Text 'testattrib125' is set on object 'Object Repository/Page_New Vendor Attribute  Product/input_Default Label_frontend_l'

2018-09-19 21:47:39 - [MESSAGE][PASSED] - Text 'testattrib125' is set on object 'Object Repository/Page_New Vendor Attribute  Product/input_Default Label_frontend_l'

2018-09-19 21:47:39 - [TEST_STEP][PASSED] - rightClick: Object: 'Object Repository/Page_New Vendor Attribute  Product/input_Attribute Code_attribute' is right clicked on

2018-09-19 21:47:39 - [MESSAGE][PASSED] - Object: 'Object Repository/Page_New Vendor Attribute  Product/input_Attribute Code_attribute' is right clicked on

2018-09-19 21:47:39 - [TEST_STEP][PASSED] - setText: Text 'testattrib125' is set on object 'Object Repository/Page_New Vendor Attribute  Product/input_Attribute Code_attribute'

2018-09-19 21:47:39 - [MESSAGE][PASSED] - Text 'testattrib125' is set on object 'Object Repository/Page_New Vendor Attribute  Product/input_Attribute Code_attribute'

2018-09-19 21:47:39 - [TEST_STEP][PASSED] - selectOptionByValue: All options with value 'textarea' are selected in object 'Object Repository/Page_New Vendor Attribute  Product/select_Text FieldText AreaDate'  using regular expression

2018-09-19 21:47:40 - [MESSAGE][PASSED] - All options with value 'textarea' are selected in object 'Object Repository/Page_New Vendor Attribute  Product/select_Text FieldText AreaDate'  using regular expression

2018-09-19 21:47:40 - [TEST_STEP][PASSED] - selectOptionByValue: All options with value '1' are selected in object 'Object Repository/Page_New Vendor Attribute  Product/select_YesNo'  using regular expression

2018-09-19 21:47:40 - [MESSAGE][PASSED] - All options with value '1' are selected in object 'Object Repository/Page_New Vendor Attribute  Product/select_YesNo'  using regular expression

2018-09-19 21:47:40 - [TEST_STEP][PASSED] - setText: Text 'test' is set on object 'Object Repository/Page_New Vendor Attribute  Product/textarea_Default Value_default'

2018-09-19 21:47:40 - [MESSAGE][PASSED] - Text 'test' is set on object 'Object Repository/Page_New Vendor Attribute  Product/textarea_Default Value_default'

2018-09-19 21:47:40 - [TEST_STEP][PASSED] - selectOptionByValue: All options with value '1' are selected in object 'Object Repository/Page_New Vendor Attribute  Product/select_YesNo_1'  using regular expression

2018-09-19 21:47:40 - [MESSAGE][PASSED] - All options with value '1' are selected in object 'Object Repository/Page_New Vendor Attribute  Product/select_YesNo_1'  using regular expression

2018-09-19 21:47:40 - [TEST_STEP][PASSED] - selectOptionByValue: All options with value 'validate-number' are selected in object 'Object Repository/Page_New Vendor Attribute  Product/select_NoneDecimal NumberInteg'  using regular expression

2018-09-19 21:47:40 - [MESSAGE][PASSED] - All options with value 'validate-number' are selected in object 'Object Repository/Page_New Vendor Attribute  Product/select_NoneDecimal NumberInteg'  using regular expression

2018-09-19 21:47:40 - [TEST_STEP][PASSED] - selectOptionByValue: All options with value '1' are selected in object 'Object Repository/Page_New Vendor Attribute  Product/select_YesNo_2'  using regular expression

2018-09-19 21:47:41 - [MESSAGE][PASSED] - All options with value '1' are selected in object 'Object Repository/Page_New Vendor Attribute  Product/select_YesNo_2'  using regular expression

2018-09-19 21:47:41 - [TEST_STEP][PASSED] - selectOptionByValue: All options with value '1' are selected in object 'Object Repository/Page_New Vendor Attribute  Product/select_YesNo_3'  using regular expression

2018-09-19 21:47:41 - [MESSAGE][PASSED] - All options with value '1' are selected in object 'Object Repository/Page_New Vendor Attribute  Product/select_YesNo_3'  using regular expression

2018-09-19 21:47:41 - [TEST_STEP][PASSED] - selectOptionByValue: All options with value '1' are selected in object 'Object Repository/Page_New Vendor Attribute  Product/select_YesNo_4'  using regular expression

2018-09-19 21:47:41 - [MESSAGE][PASSED] - All options with value '1' are selected in object 'Object Repository/Page_New Vendor Attribute  Product/select_YesNo_4'  using regular expression

2018-09-19 21:47:41 - [TEST_STEP][PASSED] - selectOptionByValue: All options with value '1' are selected in object 'Object Repository/Page_New Vendor Attribute  Product/select_YesNo_5'  using regular expression

2018-09-19 21:47:41 - [MESSAGE][PASSED] - All options with value '1' are selected in object 'Object Repository/Page_New Vendor Attribute  Product/select_YesNo_5'  using regular expression

2018-09-19 21:47:41 - [TEST_STEP][PASSED] - click: Object: 'Object Repository/Page_New Vendor Attribute  Product/button_Save Attribute' is clicked on

2018-09-19 21:47:41 - [MESSAGE][PASSED] - Object: 'Object Repository/Page_New Vendor Attribute  Product/button_Save Attribute' is clicked on

2018-09-19 21:47:41 - [TEST_STEP][PASSED] - delay: Delayed 1 second(s)

2018-09-19 21:47:42 - [MESSAGE][PASSED] - Delayed 1 second(s)

2018-09-19 21:47:42 - [TEST_STEP][PASSED] - verifyElementPresent: Object 'Object Repository/Page_Manage Vendor Attributes  Mana/div_You saved the vendor attri' is present

2018-09-19 21:47:42 - [MESSAGE][WARNING] - Timeout '0' is invalid. Using default page load timeout: '10'

2018-09-19 21:47:44 - [MESSAGE][PASSED] - Object 'Object Repository/Page_Manage Vendor Attributes  Mana/div_You saved the vendor attri' is present

2018-09-19 21:47:44 - [TEST_STEP][PASSED] - closeBrowser: Browser is closed

2018-09-19 21:47:44 - [MESSAGE][PASSED] - Browser is closed]]></system-out>
         <system-err><![CDATA[]]></system-err>
      </testcase>
      <testcase name="Test Cases/VendorAttributeAddon/SearchAttribute" classname="Test Cases/VendorAttributeAddon/SearchAttribute" status="PASSED">
         <system-out><![CDATA[2018-09-19 21:47:44 - [TEST_CASE][PASSED] - Test Cases/VendorAttributeAddon/SearchAttribute: Test Cases/VendorAttributeAddon/SearchAttribute

2018-09-19 21:47:44 - [TEST_STEP][PASSED] - openBrowser: Browser is opened with url: ''

2018-09-19 21:47:47 - [MESSAGE][PASSED] - Browser is opened with url: ''

2018-09-19 21:47:47 - [TEST_STEP][PASSED] - maximizeWindow: Current window maximized

2018-09-19 21:47:48 - [MESSAGE][PASSED] - Current window maximized

2018-09-19 21:47:48 - [TEST_STEP][PASSED] - navigateToUrl: Navigate to 'http://46.101.72.110/admin_stage/admin/index/index/key/6179d2611c845079ec2ae3e70da4e0efdabf7e6cb1d29321cea6461333372126/' successfully

2018-09-19 21:47:52 - [MESSAGE][PASSED] - Navigate to 'http://46.101.72.110/admin_stage/admin/index/index/key/6179d2611c845079ec2ae3e70da4e0efdabf7e6cb1d29321cea6461333372126/' successfully

2018-09-19 21:47:52 - [TEST_STEP][PASSED] - setText: Text 'adminStage2' is set on object 'Object Repository/Page_Magento Admin/input_Username_loginusername (1)'

2018-09-19 21:47:53 - [MESSAGE][PASSED] - Text 'adminStage2' is set on object 'Object Repository/Page_Magento Admin/input_Username_loginusername (1)'

2018-09-19 21:47:53 - [TEST_STEP][PASSED] - setEncryptedText: Text ****** has been set on object 'Object Repository/Page_Magento Admin/input_Password_loginpassword (1)'

2018-09-19 21:47:53 - [MESSAGE][PASSED] - Text ****** has been set on object 'Object Repository/Page_Magento Admin/input_Password_loginpassword (1)'

2018-09-19 21:47:53 - [TEST_STEP][PASSED] - click: Object: 'Object Repository/Page_Magento Admin/button_Sign in' is clicked on

2018-09-19 21:47:55 - [MESSAGE][PASSED] - Object: 'Object Repository/Page_Magento Admin/button_Sign in' is clicked on

2018-09-19 21:47:55 - [TEST_STEP][PASSED] - delay: Delayed 1 second(s)

2018-09-19 21:47:56 - [MESSAGE][PASSED] - Delayed 1 second(s)

2018-09-19 21:47:56 - [TEST_STEP][PASSED] - click: Object: 'Object Repository/Page_Dashboard  Magento Admin/a_Marketplace' is clicked on

2018-09-19 21:47:57 - [MESSAGE][PASSED] - Object: 'Object Repository/Page_Dashboard  Magento Admin/a_Marketplace' is clicked on

2018-09-19 21:47:57 - [TEST_STEP][PASSED] - delay: Delayed 3 second(s)

2018-09-19 21:48:00 - [MESSAGE][PASSED] - Delayed 3 second(s)

2018-09-19 21:48:00 - [TEST_STEP][PASSED] - click: Object: 'Object Repository/Page_Dashboard  Magento Admin/a_Vendor Attributes' is clicked on

2018-09-19 21:48:01 - [MESSAGE][PASSED] - Object: 'Object Repository/Page_Dashboard  Magento Admin/a_Vendor Attributes' is clicked on

2018-09-19 21:48:01 - [TEST_STEP][PASSED] - setText: Text 'testattrib125' is set on object 'Object Repository/Page_Manage Vendor Attributes  Mana/input_Step Number_attribute_co'

2018-09-19 21:48:02 - [MESSAGE][PASSED] - Text 'testattrib125' is set on object 'Object Repository/Page_Manage Vendor Attributes  Mana/input_Step Number_attribute_co'

2018-09-19 21:48:02 - [TEST_STEP][PASSED] - click: Object: 'Object Repository/Page_Manage Vendor Attributes  Mana/button_Search' is clicked on

2018-09-19 21:48:03 - [MESSAGE][PASSED] - Object: 'Object Repository/Page_Manage Vendor Attributes  Mana/button_Search' is clicked on

2018-09-19 21:48:03 - [TEST_STEP][PASSED] - verifyElementPresent: Object 'Object Repository/Page_Manage Vendor Attributes  Mana/div_1' is present

2018-09-19 21:48:03 - [MESSAGE][WARNING] - Timeout '0' is invalid. Using default page load timeout: '10'

2018-09-19 21:48:03 - [MESSAGE][PASSED] - Object 'Object Repository/Page_Manage Vendor Attributes  Mana/div_1' is present

2018-09-19 21:48:03 - [TEST_STEP][PASSED] - closeBrowser: Browser is closed

2018-09-19 21:48:04 - [MESSAGE][PASSED] - Browser is closed]]></system-out>
         <system-err><![CDATA[]]></system-err>
      </testcase>
      <testcase name="Test Cases/VendorAttributeAddon/EditAttribute" classname="Test Cases/VendorAttributeAddon/EditAttribute" status="PASSED">
         <system-out><![CDATA[2018-09-19 21:48:04 - [TEST_CASE][PASSED] - Test Cases/VendorAttributeAddon/EditAttribute: Test Cases/VendorAttributeAddon/EditAttribute

2018-09-19 21:48:04 - [TEST_STEP][PASSED] - openBrowser: Browser is opened with url: ''

2018-09-19 21:48:06 - [MESSAGE][PASSED] - Browser is opened with url: ''

2018-09-19 21:48:06 - [TEST_STEP][PASSED] - maximizeWindow: Current window maximized

2018-09-19 21:48:08 - [MESSAGE][PASSED] - Current window maximized

2018-09-19 21:48:08 - [TEST_STEP][PASSED] - navigateToUrl: Navigate to 'http://46.101.72.110/admin_stage/admin/index/index/key/6179d2611c845079ec2ae3e70da4e0efdabf7e6cb1d29321cea6461333372126/' successfully

2018-09-19 21:48:11 - [MESSAGE][PASSED] - Navigate to 'http://46.101.72.110/admin_stage/admin/index/index/key/6179d2611c845079ec2ae3e70da4e0efdabf7e6cb1d29321cea6461333372126/' successfully

2018-09-19 21:48:11 - [TEST_STEP][PASSED] - setText: Text 'adminStage2' is set on object 'Object Repository/Page_Magento Admin/input_Username_loginusername (1)'

2018-09-19 21:48:11 - [MESSAGE][PASSED] - Text 'adminStage2' is set on object 'Object Repository/Page_Magento Admin/input_Username_loginusername (1)'

2018-09-19 21:48:11 - [TEST_STEP][PASSED] - setEncryptedText: Text ****** has been set on object 'Object Repository/Page_Magento Admin/input_Password_loginpassword (1)'

2018-09-19 21:48:11 - [MESSAGE][PASSED] - Text ****** has been set on object 'Object Repository/Page_Magento Admin/input_Password_loginpassword (1)'

2018-09-19 21:48:11 - [TEST_STEP][PASSED] - click: Object: 'Object Repository/Page_Magento Admin/button_Sign in' is clicked on

2018-09-19 21:48:13 - [MESSAGE][PASSED] - Object: 'Object Repository/Page_Magento Admin/button_Sign in' is clicked on

2018-09-19 21:48:13 - [TEST_STEP][PASSED] - delay: Delayed 1 second(s)

2018-09-19 21:48:14 - [MESSAGE][PASSED] - Delayed 1 second(s)

2018-09-19 21:48:14 - [TEST_STEP][PASSED] - click: Object: 'Object Repository/Page_Dashboard  Magento Admin/a_Marketplace' is clicked on

2018-09-19 21:48:14 - [MESSAGE][PASSED] - Object: 'Object Repository/Page_Dashboard  Magento Admin/a_Marketplace' is clicked on

2018-09-19 21:48:14 - [TEST_STEP][PASSED] - delay: Delayed 3 second(s)

2018-09-19 21:48:17 - [MESSAGE][PASSED] - Delayed 3 second(s)

2018-09-19 21:48:17 - [TEST_STEP][PASSED] - click: Object: 'Object Repository/Page_Dashboard  Magento Admin/a_Vendor Attributes' is clicked on

2018-09-19 21:48:19 - [MESSAGE][PASSED] - Object: 'Object Repository/Page_Dashboard  Magento Admin/a_Vendor Attributes' is clicked on

2018-09-19 21:48:19 - [TEST_STEP][PASSED] - setText: Text 'testattrib125' is set on object 'Object Repository/Page_Manage Vendor Attributes  Mana/input_Step Number_attribute_co'

2018-09-19 21:48:20 - [MESSAGE][PASSED] - Text 'testattrib125' is set on object 'Object Repository/Page_Manage Vendor Attributes  Mana/input_Step Number_attribute_co'

2018-09-19 21:48:20 - [TEST_STEP][PASSED] - click: Object: 'Object Repository/Page_Manage Vendor Attributes  Mana/button_Search' is clicked on

2018-09-19 21:48:21 - [MESSAGE][PASSED] - Object: 'Object Repository/Page_Manage Vendor Attributes  Mana/button_Search' is clicked on

2018-09-19 21:48:21 - [TEST_STEP][PASSED] - verifyElementPresent: Object 'Object Repository/Page_Manage Vendor Attributes  Mana/div_1' is present

2018-09-19 21:48:21 - [MESSAGE][WARNING] - Timeout '0' is invalid. Using default page load timeout: '10'

2018-09-19 21:48:21 - [MESSAGE][PASSED] - Object 'Object Repository/Page_Manage Vendor Attributes  Mana/div_1' is present

2018-09-19 21:48:21 - [TEST_STEP][PASSED] - click: Object: 'Object Repository/Page_Manage Vendor Attributes  Mana/td_testattrib125' is clicked on

2018-09-19 21:48:23 - [MESSAGE][PASSED] - Object: 'Object Repository/Page_Manage Vendor Attributes  Mana/td_testattrib125' is clicked on

2018-09-19 21:48:23 - [TEST_STEP][PASSED] - selectOptionByValue: All options with value '0' are selected in object 'Object Repository/Page_testattrib125  Product Attribu/select_YesNo'  using regular expression

2018-09-19 21:48:23 - [MESSAGE][PASSED] - All options with value '0' are selected in object 'Object Repository/Page_testattrib125  Product Attribu/select_YesNo'  using regular expression

2018-09-19 21:48:23 - [TEST_STEP][PASSED] - setText: Text '' is set on object 'Object Repository/Page_testattrib125  Product Attribu/textarea_test'

2018-09-19 21:48:23 - [MESSAGE][PASSED] - Text '' is set on object 'Object Repository/Page_testattrib125  Product Attribu/textarea_test'

2018-09-19 21:48:23 - [TEST_STEP][PASSED] - selectOptionByValue: All options with value '0' are selected in object 'Object Repository/Page_testattrib125  Product Attribu/select_YesNo_1'  using regular expression

2018-09-19 21:48:24 - [MESSAGE][PASSED] - All options with value '0' are selected in object 'Object Repository/Page_testattrib125  Product Attribu/select_YesNo_1'  using regular expression

2018-09-19 21:48:24 - [TEST_STEP][PASSED] - selectOptionByValue: All options with value '0' are selected in object 'Object Repository/Page_testattrib125  Product Attribu/select_YesNo_2'  using regular expression

2018-09-19 21:48:24 - [MESSAGE][PASSED] - All options with value '0' are selected in object 'Object Repository/Page_testattrib125  Product Attribu/select_YesNo_2'  using regular expression

2018-09-19 21:48:24 - [TEST_STEP][PASSED] - selectOptionByValue: All options with value '0' are selected in object 'Object Repository/Page_testattrib125  Product Attribu/select_YesNo_3'  using regular expression

2018-09-19 21:48:24 - [MESSAGE][PASSED] - All options with value '0' are selected in object 'Object Repository/Page_testattrib125  Product Attribu/select_YesNo_3'  using regular expression

2018-09-19 21:48:24 - [TEST_STEP][PASSED] - selectOptionByValue: All options with value '0' are selected in object 'Object Repository/Page_testattrib125  Product Attribu/select_YesNo_4'  using regular expression

2018-09-19 21:48:24 - [MESSAGE][PASSED] - All options with value '0' are selected in object 'Object Repository/Page_testattrib125  Product Attribu/select_YesNo_4'  using regular expression

2018-09-19 21:48:24 - [TEST_STEP][PASSED] - click: Object: 'Object Repository/Page_testattrib125  Product Attribu/button_Save Attribute' is clicked on

2018-09-19 21:48:24 - [MESSAGE][PASSED] - Object: 'Object Repository/Page_testattrib125  Product Attribu/button_Save Attribute' is clicked on

2018-09-19 21:48:24 - [TEST_STEP][PASSED] - delay: Delayed 1 second(s)

2018-09-19 21:48:25 - [MESSAGE][PASSED] - Delayed 1 second(s)

2018-09-19 21:48:25 - [TEST_STEP][PASSED] - verifyElementPresent: Object 'Object Repository/Page_Manage Vendor Attributes  Mana/div_You saved the vendor attri' is present

2018-09-19 21:48:25 - [MESSAGE][WARNING] - Timeout '0' is invalid. Using default page load timeout: '10'

2018-09-19 21:48:26 - [MESSAGE][PASSED] - Object 'Object Repository/Page_Manage Vendor Attributes  Mana/div_You saved the vendor attri' is present]]></system-out>
         <system-err><![CDATA[]]></system-err>
      </testcase>
      <testcase name="Test Cases/VendorAttributeAddon/DeleteAttribute" classname="Test Cases/VendorAttributeAddon/DeleteAttribute" status="PASSED">
         <system-out><![CDATA[2018-09-19 21:48:26 - [TEST_CASE][PASSED] - Test Cases/VendorAttributeAddon/DeleteAttribute: Test Cases/VendorAttributeAddon/DeleteAttribute

2018-09-19 21:48:27 - [TEST_STEP][PASSED] - openBrowser: Browser is opened with url: ''

2018-09-19 21:48:27 - [MESSAGE][WARNING] - A browser is already opened. Closing browser and opening a new one

2018-09-19 21:48:31 - [MESSAGE][PASSED] - Browser is opened with url: ''

2018-09-19 21:48:31 - [TEST_STEP][PASSED] - maximizeWindow: Current window maximized

2018-09-19 21:48:32 - [MESSAGE][PASSED] - Current window maximized

2018-09-19 21:48:32 - [TEST_STEP][PASSED] - navigateToUrl: Navigate to 'http://46.101.72.110/admin_stage/admin/index/index/key/6179d2611c845079ec2ae3e70da4e0efdabf7e6cb1d29321cea6461333372126/' successfully

2018-09-19 21:48:35 - [MESSAGE][PASSED] - Navigate to 'http://46.101.72.110/admin_stage/admin/index/index/key/6179d2611c845079ec2ae3e70da4e0efdabf7e6cb1d29321cea6461333372126/' successfully

2018-09-19 21:48:35 - [TEST_STEP][PASSED] - setText: Text 'adminStage2' is set on object 'Object Repository/Page_Magento Admin/input_Username_loginusername (1)'

2018-09-19 21:48:35 - [MESSAGE][PASSED] - Text 'adminStage2' is set on object 'Object Repository/Page_Magento Admin/input_Username_loginusername (1)'

2018-09-19 21:48:36 - [TEST_STEP][PASSED] - setEncryptedText: Text ****** has been set on object 'Object Repository/Page_Magento Admin/input_Password_loginpassword (1)'

2018-09-19 21:48:36 - [MESSAGE][PASSED] - Text ****** has been set on object 'Object Repository/Page_Magento Admin/input_Password_loginpassword (1)'

2018-09-19 21:48:36 - [TEST_STEP][PASSED] - click: Object: 'Object Repository/Page_Magento Admin/button_Sign in' is clicked on

2018-09-19 21:48:38 - [MESSAGE][PASSED] - Object: 'Object Repository/Page_Magento Admin/button_Sign in' is clicked on

2018-09-19 21:48:38 - [TEST_STEP][PASSED] - delay: Delayed 1 second(s)

2018-09-19 21:48:39 - [MESSAGE][PASSED] - Delayed 1 second(s)

2018-09-19 21:48:39 - [TEST_STEP][PASSED] - click: Object: 'Object Repository/Page_Dashboard  Magento Admin/a_Marketplace' is clicked on

2018-09-19 21:48:39 - [MESSAGE][PASSED] - Object: 'Object Repository/Page_Dashboard  Magento Admin/a_Marketplace' is clicked on

2018-09-19 21:48:39 - [TEST_STEP][PASSED] - delay: Delayed 3 second(s)

2018-09-19 21:48:42 - [MESSAGE][PASSED] - Delayed 3 second(s)

2018-09-19 21:48:42 - [TEST_STEP][PASSED] - click: Object: 'Object Repository/Page_Dashboard  Magento Admin/a_Vendor Attributes' is clicked on

2018-09-19 21:48:44 - [MESSAGE][PASSED] - Object: 'Object Repository/Page_Dashboard  Magento Admin/a_Vendor Attributes' is clicked on

2018-09-19 21:48:44 - [TEST_STEP][PASSED] - setText: Text 'testattrib125' is set on object 'Object Repository/Page_Manage Vendor Attributes  Mana/input_Step Number_attribute_co (1)'

2018-09-19 21:48:44 - [MESSAGE][PASSED] - Text 'testattrib125' is set on object 'Object Repository/Page_Manage Vendor Attributes  Mana/input_Step Number_attribute_co (1)'

2018-09-19 21:48:44 - [TEST_STEP][PASSED] - click: Object: 'Object Repository/Page_Manage Vendor Attributes  Mana/button_Search (1)' is clicked on

2018-09-19 21:48:45 - [MESSAGE][PASSED] - Object: 'Object Repository/Page_Manage Vendor Attributes  Mana/button_Search (1)' is clicked on

2018-09-19 21:48:45 - [TEST_STEP][PASSED] - verifyElementPresent: Object 'Object Repository/Page_Manage Vendor Attributes  Mana/div_1 (1)' is present

2018-09-19 21:48:45 - [MESSAGE][WARNING] - Timeout '0' is invalid. Using default page load timeout: '10'

2018-09-19 21:48:46 - [MESSAGE][PASSED] - Object 'Object Repository/Page_Manage Vendor Attributes  Mana/div_1 (1)' is present

2018-09-19 21:48:46 - [TEST_STEP][PASSED] - click: Object: 'Object Repository/Page_Manage Vendor Attributes  Mana/td_testattrib125 (1)' is clicked on

2018-09-19 21:48:48 - [MESSAGE][PASSED] - Object: 'Object Repository/Page_Manage Vendor Attributes  Mana/td_testattrib125 (1)' is clicked on

2018-09-19 21:48:48 - [TEST_STEP][PASSED] - delay: Delayed 3 second(s)

2018-09-19 21:48:51 - [MESSAGE][PASSED] - Delayed 3 second(s)

2018-09-19 21:48:51 - [TEST_STEP][PASSED] - click: Object: 'Object Repository/Page_testattrib125  Product Attribu/button_Delete Attribute' is clicked on

2018-09-19 21:48:51 - [MESSAGE][PASSED] - Object: 'Object Repository/Page_testattrib125  Product Attribu/button_Delete Attribute' is clicked on

2018-09-19 21:48:51 - [TEST_STEP][PASSED] - focus: Object: 'Object Repository/Page_testattrib125  Product Attribu/button_OK' is focused

2018-09-19 21:48:51 - [MESSAGE][PASSED] - Object: 'Object Repository/Page_testattrib125  Product Attribu/button_OK' is focused

2018-09-19 21:48:51 - [TEST_STEP][PASSED] - click: Object: 'Object Repository/Page_testattrib125  Product Attribu/button_OK' is clicked on

2018-09-19 21:48:53 - [MESSAGE][PASSED] - Object: 'Object Repository/Page_testattrib125  Product Attribu/button_OK' is clicked on

2018-09-19 21:48:53 - [TEST_STEP][PASSED] - closeBrowser: Browser is closed

2018-09-19 21:48:53 - [MESSAGE][PASSED] - Browser is closed]]></system-out>
         <system-err><![CDATA[]]></system-err>
      </testcase>
      <system-out><![CDATA[2018-09-19 21:47:18 - [TEST_SUITE][PASSED] - VendorAttributeAddon: Test Cases/VendorAttributeAddon/DeleteAttribute]]></system-out>
      <system-err><![CDATA[]]></system-err>
   </testsuite>
</testsuites>
