<?xml version="1.0" encoding="UTF-8"?>
<testsuites name="MultiStepVendorRegistrationAddon" time="221" tests="3" failures="0" errors="0">
   <testsuite name="MultiStepVendorRegistrationAddon" tests="3" failures="0" errors="0" time="221" timestamp="2018-09-30 17:38:46" hostname="User - DESKTOP-5HHLDMN" id="Test Suites/MultiStepVendorRegistrationAddon">
      <properties>
         <property name="deviceName" value=""/>
         <property name="devicePlatform" value=""/>
         <property name="logFolder" value="C:\\Users\\User\\Katalon Studio\\addonTestAutomation\\Reports\\MultiStepVendorRegistrationAddon\\20180930_173844"/>
         <property name="logFiles" value="C:\\Users\\User\\Katalon Studio\\addonTestAutomation\\Reports\\MultiStepVendorRegistrationAddon\\20180930_173844\\execution0.log"/>
         <property name="attachments" value=""/>
         <property name="hostName" value="User - DESKTOP-5HHLDMN"/>
         <property name="os" value="Windows 10 64bit"/>
         <property name="katalonVersion" value="5.7.1.1"/>
         <property name="browser" value="Chrome 69.0.3497.100"/>
         <property name="hostAddress" value="192.168.8.102"/>
         <property name="sessionId" value="7d1bdce02c94f110da86f23744d78698"/>
         <property name="seleniumVersion" value="3.7.1"/>
         <property name="proxyInformation" value="ProxyInformation{proxyOption=NO_PROXY, proxyServerType=HTTP, password=, proxyServerAddress=, proxyServerPort=0}"/>
         <property name="platform" value="Windows 10"/>
      </properties>
      <testcase name="Test Cases/MultiStepVendorRegistrationAddon/CreateMultiStep" classname="Test Cases/MultiStepVendorRegistrationAddon/CreateMultiStep" status="PASSED">
         <system-out><![CDATA[2018-09-30 17:38:46 - [TEST_CASE][PASSED] - Test Cases/MultiStepVendorRegistrationAddon/CreateMultiStep: Test Cases/MultiStepVendorRegistrationAddon/CreateMultiStep

2018-09-30 17:38:47 - [TEST_STEP][PASSED] - openBrowser: Browser is opened with url: ''

2018-09-30 17:38:52 - [MESSAGE][PASSED] - Browser is opened with url: ''

2018-09-30 17:38:52 - [TEST_STEP][PASSED] - maximizeWindow: Current window maximized

2018-09-30 17:38:54 - [MESSAGE][PASSED] - Current window maximized

2018-09-30 17:38:54 - [TEST_STEP][PASSED] - navigateToUrl: Navigate to 'http://46.101.72.110/admin_stage/admin/index/index/key/f39c9f07e3d497e1058c0f0c4cde40a9cfd0294f3e0c9f5ce7f4fbb4e2054d9d/' successfully

2018-09-30 17:38:59 - [MESSAGE][PASSED] - Navigate to 'http://46.101.72.110/admin_stage/admin/index/index/key/f39c9f07e3d497e1058c0f0c4cde40a9cfd0294f3e0c9f5ce7f4fbb4e2054d9d/' successfully

2018-09-30 17:38:59 - [TEST_STEP][PASSED] - setText: Text 'adminStage2' is set on object 'Object Repository/Page_Magento Admin/input_Username_loginusername'

2018-09-30 17:39:03 - [MESSAGE][PASSED] - Text 'adminStage2' is set on object 'Object Repository/Page_Magento Admin/input_Username_loginusername'

2018-09-30 17:39:03 - [TEST_STEP][PASSED] - setEncryptedText: Text ****** has been set on object 'Object Repository/Page_Magento Admin/input_Password_loginpassword'

2018-09-30 17:39:07 - [MESSAGE][PASSED] - Text ****** has been set on object 'Object Repository/Page_Magento Admin/input_Password_loginpassword'

2018-09-30 17:39:07 - [TEST_STEP][PASSED] - click: Object: 'Object Repository/Page_Magento Admin/span_Sign in' is clicked on

2018-09-30 17:39:11 - [MESSAGE][PASSED] - Object: 'Object Repository/Page_Magento Admin/span_Sign in' is clicked on

2018-09-30 17:39:11 - [TEST_STEP][PASSED] - click: Object: 'Object Repository/Page_Dashboard  Magento Admin/a_Marketplace' is clicked on

2018-09-30 17:39:14 - [MESSAGE][PASSED] - Object: 'Object Repository/Page_Dashboard  Magento Admin/a_Marketplace' is clicked on

2018-09-30 17:39:14 - [TEST_STEP][PASSED] - delay: Delayed 3 second(s)

2018-09-30 17:39:17 - [MESSAGE][PASSED] - Delayed 3 second(s)

2018-09-30 17:39:17 - [TEST_STEP][PASSED] - click: Object: 'Object Repository/Page_Dashboard  Magento Admin/a_Multi-step Registration' is clicked on

2018-09-30 17:39:21 - [MESSAGE][PASSED] - Object: 'Object Repository/Page_Dashboard  Magento Admin/a_Multi-step Registration' is clicked on

2018-09-30 17:39:21 - [TEST_STEP][PASSED] - delay: Delayed 1 second(s)

2018-09-30 17:39:22 - [MESSAGE][PASSED] - Delayed 1 second(s)

2018-09-30 17:39:22 - [TEST_STEP][PASSED] - click: Object: 'Object Repository/Page_Manage Vendor Attributes  Mana/button_Add Registration Step' is clicked on

2018-09-30 17:39:25 - [MESSAGE][PASSED] - Object: 'Object Repository/Page_Manage Vendor Attributes  Mana/button_Add Registration Step' is clicked on

2018-09-30 17:39:25 - [TEST_STEP][PASSED] - delay: Delayed 1 second(s)

2018-09-30 17:39:26 - [MESSAGE][PASSED] - Delayed 1 second(s)

2018-09-30 17:39:26 - [TEST_STEP][PASSED] - click: Object: 'Object Repository/Page_Manage Steps  Magento Admin/button_Add Option' is clicked on

2018-09-30 17:39:28 - [MESSAGE][PASSED] - Object: 'Object Repository/Page_Manage Steps  Magento Admin/button_Add Option' is clicked on

2018-09-30 17:39:28 - [TEST_STEP][PASSED] - delay: Delayed 1 second(s)

2018-09-30 17:39:29 - [MESSAGE][PASSED] - Delayed 1 second(s)

2018-09-30 17:39:29 - [TEST_STEP][PASSED] - setText: Text '4' is set on object 'Object Repository/Page_Manage Steps  Magento Admin/input_Delete_stepsoptionslabel'

2018-09-30 17:39:34 - [MESSAGE][PASSED] - Text '4' is set on object 'Object Repository/Page_Manage Steps  Magento Admin/input_Delete_stepsoptionslabel'

2018-09-30 17:39:34 - [TEST_STEP][PASSED] - delay: Delayed 1 second(s)

2018-09-30 17:39:35 - [MESSAGE][PASSED] - Delayed 1 second(s)

2018-09-30 17:39:35 - [TEST_STEP][PASSED] - setText: Text 'Test Info' is set on object 'Object Repository/Page_Manage Steps  Magento Admin/input_Delete_stepsoptionslabel_10'

2018-09-30 17:39:39 - [MESSAGE][PASSED] - Text 'Test Info' is set on object 'Object Repository/Page_Manage Steps  Magento Admin/input_Delete_stepsoptionslabel_10'

2018-09-30 17:39:39 - [TEST_STEP][PASSED] - delay: Delayed 1 second(s)

2018-09-30 17:39:40 - [MESSAGE][PASSED] - Delayed 1 second(s)

2018-09-30 17:39:40 - [TEST_STEP][PASSED] - click: Object: 'Object Repository/Page_Manage Steps  Magento Admin/button_Save Step' is clicked on

2018-09-30 17:39:42 - [MESSAGE][PASSED] - Object: 'Object Repository/Page_Manage Steps  Magento Admin/button_Save Step' is clicked on

2018-09-30 17:39:42 - [TEST_STEP][PASSED] - closeBrowser: Browser is closed

2018-09-30 17:39:44 - [MESSAGE][PASSED] - Browser is closed]]></system-out>
         <system-err><![CDATA[]]></system-err>
      </testcase>
      <testcase name="Test Cases/MultiStepVendorRegistrationAddon/DeleteMultiStep" classname="Test Cases/MultiStepVendorRegistrationAddon/DeleteMultiStep" status="PASSED">
         <system-out><![CDATA[2018-09-30 17:39:44 - [TEST_CASE][PASSED] - Test Cases/MultiStepVendorRegistrationAddon/DeleteMultiStep: Test Cases/MultiStepVendorRegistrationAddon/DeleteMultiStep

2018-09-30 17:39:44 - [TEST_STEP][PASSED] - openBrowser: Browser is opened with url: ''

2018-09-30 17:39:48 - [MESSAGE][PASSED] - Browser is opened with url: ''

2018-09-30 17:39:48 - [TEST_STEP][PASSED] - maximizeWindow: Current window maximized

2018-09-30 17:39:50 - [MESSAGE][PASSED] - Current window maximized

2018-09-30 17:39:50 - [TEST_STEP][PASSED] - navigateToUrl: Navigate to 'http://46.101.72.110/admin_stage/admin/index/index/key/f39c9f07e3d497e1058c0f0c4cde40a9cfd0294f3e0c9f5ce7f4fbb4e2054d9d/' successfully

2018-09-30 17:39:54 - [MESSAGE][PASSED] - Navigate to 'http://46.101.72.110/admin_stage/admin/index/index/key/f39c9f07e3d497e1058c0f0c4cde40a9cfd0294f3e0c9f5ce7f4fbb4e2054d9d/' successfully

2018-09-30 17:39:54 - [TEST_STEP][PASSED] - setText: Text 'adminStage2' is set on object 'Object Repository/Page_Magento Admin/input_Username_loginusername'

2018-09-30 17:39:59 - [MESSAGE][PASSED] - Text 'adminStage2' is set on object 'Object Repository/Page_Magento Admin/input_Username_loginusername'

2018-09-30 17:39:59 - [TEST_STEP][PASSED] - setEncryptedText: Text ****** has been set on object 'Object Repository/Page_Magento Admin/input_Password_loginpassword'

2018-09-30 17:40:02 - [MESSAGE][PASSED] - Text ****** has been set on object 'Object Repository/Page_Magento Admin/input_Password_loginpassword'

2018-09-30 17:40:02 - [TEST_STEP][PASSED] - click: Object: 'Object Repository/Page_Magento Admin/span_Sign in' is clicked on

2018-09-30 17:40:07 - [MESSAGE][PASSED] - Object: 'Object Repository/Page_Magento Admin/span_Sign in' is clicked on

2018-09-30 17:40:07 - [TEST_STEP][PASSED] - click: Object: 'Object Repository/Page_Dashboard  Magento Admin/a_Marketplace' is clicked on

2018-09-30 17:40:09 - [MESSAGE][PASSED] - Object: 'Object Repository/Page_Dashboard  Magento Admin/a_Marketplace' is clicked on

2018-09-30 17:40:09 - [TEST_STEP][PASSED] - delay: Delayed 3 second(s)

2018-09-30 17:40:12 - [MESSAGE][PASSED] - Delayed 3 second(s)

2018-09-30 17:40:12 - [TEST_STEP][PASSED] - click: Object: 'Object Repository/Page_Dashboard  Magento Admin/a_Multi-step Registration' is clicked on

2018-09-30 17:40:16 - [MESSAGE][PASSED] - Object: 'Object Repository/Page_Dashboard  Magento Admin/a_Multi-step Registration' is clicked on

2018-09-30 17:40:16 - [TEST_STEP][PASSED] - click: Object: 'Object Repository/Page_Manage Vendor Attributes  Mana/button_Add Registration Step' is clicked on

2018-09-30 17:40:20 - [MESSAGE][PASSED] - Object: 'Object Repository/Page_Manage Vendor Attributes  Mana/button_Add Registration Step' is clicked on

2018-09-30 17:40:20 - [TEST_STEP][PASSED] - delay: Delayed 1 second(s)

2018-09-30 17:40:21 - [MESSAGE][PASSED] - Delayed 1 second(s)

2018-09-30 17:40:21 - [TEST_STEP][PASSED] - focus: Object: 'Object Repository/Page_Manage Steps  Magento Admin/button_Delete' is focused

2018-09-30 17:40:25 - [MESSAGE][PASSED] - Object: 'Object Repository/Page_Manage Steps  Magento Admin/button_Delete' is focused

2018-09-30 17:40:25 - [TEST_STEP][PASSED] - click: Object: 'Object Repository/Page_Manage Steps  Magento Admin/button_Delete' is clicked on

2018-09-30 17:40:27 - [MESSAGE][PASSED] - Object: 'Object Repository/Page_Manage Steps  Magento Admin/button_Delete' is clicked on

2018-09-30 17:40:27 - [TEST_STEP][PASSED] - acceptAlert: Alert accepted

2018-09-30 17:40:29 - [MESSAGE][PASSED] - Alert accepted

2018-09-30 17:40:29 - [TEST_STEP][PASSED] - delay: Delayed 3 second(s)

2018-09-30 17:40:32 - [MESSAGE][PASSED] - Delayed 3 second(s)

2018-09-30 17:40:32 - [TEST_STEP][PASSED] - click: Object: 'Object Repository/Page_Manage Steps  Magento Admin/button_Save Step' is clicked on

2018-09-30 17:40:34 - [MESSAGE][PASSED] - Object: 'Object Repository/Page_Manage Steps  Magento Admin/button_Save Step' is clicked on

2018-09-30 17:40:34 - [TEST_STEP][PASSED] - closeBrowser: Browser is closed

2018-09-30 17:40:36 - [MESSAGE][PASSED] - Browser is closed]]></system-out>
         <system-err><![CDATA[]]></system-err>
      </testcase>
      <testcase name="Test Cases/MultiStepVendorRegistrationAddon/CheckMultiStepRegistrationOnFrontend" classname="Test Cases/MultiStepVendorRegistrationAddon/CheckMultiStepRegistrationOnFrontend" status="PASSED">
         <system-out><![CDATA[2018-09-30 17:40:36 - [TEST_CASE][PASSED] - Test Cases/MultiStepVendorRegistrationAddon/CheckMultiStepRegistrationOnFrontend: Test Cases/MultiStepVendorRegistrationAddon/CheckMultiStepRegistrationOnFrontend

2018-09-30 17:40:36 - [TEST_STEP][PASSED] - openBrowser: Browser is opened with url: ''

2018-09-30 17:40:40 - [MESSAGE][PASSED] - Browser is opened with url: ''

2018-09-30 17:40:40 - [TEST_STEP][PASSED] - maximizeWindow: Current window maximized

2018-09-30 17:40:42 - [MESSAGE][PASSED] - Current window maximized

2018-09-30 17:40:42 - [TEST_STEP][PASSED] - navigateToUrl: Navigate to 'http://46.101.72.110/index.php/csmarketplace/account/login/' successfully

2018-09-30 17:40:50 - [MESSAGE][PASSED] - Navigate to 'http://46.101.72.110/index.php/csmarketplace/account/login/' successfully

2018-09-30 17:40:50 - [TEST_STEP][PASSED] - click: Object: 'Object Repository/Page_Create New Vendor Account/h3_Sign Up' is clicked on

2018-09-30 17:40:52 - [MESSAGE][PASSED] - Object: 'Object Repository/Page_Create New Vendor Account/h3_Sign Up' is clicked on

2018-09-30 17:40:52 - [TEST_STEP][PASSED] - setText: Text 'test' is set on object 'Object Repository/Page_Create New Vendor Account/input_Personal Information_fir'

2018-09-30 17:40:56 - [MESSAGE][PASSED] - Text 'test' is set on object 'Object Repository/Page_Create New Vendor Account/input_Personal Information_fir'

2018-09-30 17:40:56 - [TEST_STEP][PASSED] - setText: Text 'test' is set on object 'Object Repository/Page_Create New Vendor Account/input_Personal Information_las'

2018-09-30 17:41:00 - [MESSAGE][PASSED] - Text 'test' is set on object 'Object Repository/Page_Create New Vendor Account/input_Personal Information_las'

2018-09-30 17:41:00 - [TEST_STEP][PASSED] - setText: Text 'test29458@test.com' is set on object 'Object Repository/Page_Create New Vendor Account/input_Personal Information_ema'

2018-09-30 17:41:04 - [MESSAGE][PASSED] - Text 'test29458@test.com' is set on object 'Object Repository/Page_Create New Vendor Account/input_Personal Information_ema'

2018-09-30 17:41:04 - [TEST_STEP][PASSED] - setText: Text '06419' is set on object 'Object Repository/Page_Create New Vendor Account/input_Vendor Information_vendo'

2018-09-30 17:41:09 - [MESSAGE][PASSED] - Text '06419' is set on object 'Object Repository/Page_Create New Vendor Account/input_Vendor Information_vendo'

2018-09-30 17:41:09 - [TEST_STEP][PASSED] - setText: Text '05941' is set on object 'Object Repository/Page_Create New Vendor Account/input_Vendor Information_vendo_12'

2018-09-30 17:41:13 - [MESSAGE][PASSED] - Text '05941' is set on object 'Object Repository/Page_Create New Vendor Account/input_Vendor Information_vendo_12'

2018-09-30 17:41:13 - [TEST_STEP][PASSED] - setEncryptedText: Text ****** has been set on object 'Object Repository/Page_Create New Vendor Account/input_Login Information_passwo'

2018-09-30 17:41:16 - [MESSAGE][PASSED] - Text ****** has been set on object 'Object Repository/Page_Create New Vendor Account/input_Login Information_passwo'

2018-09-30 17:41:16 - [TEST_STEP][PASSED] - setEncryptedText: Text ****** has been set on object 'Object Repository/Page_Create New Vendor Account/input_Login Information_passwo_9'

2018-09-30 17:41:19 - [MESSAGE][PASSED] - Text ****** has been set on object 'Object Repository/Page_Create New Vendor Account/input_Login Information_passwo_9'

2018-09-30 17:41:19 - [TEST_STEP][PASSED] - click: Object: 'Object Repository/Page_Create New Vendor Account/button_Submit' is clicked on

2018-09-30 17:41:41 - [MESSAGE][PASSED] - Object: 'Object Repository/Page_Create New Vendor Account/button_Submit' is clicked on

2018-09-30 17:41:41 - [TEST_STEP][PASSED] - delay: Delayed 1 second(s)

2018-09-30 17:41:42 - [MESSAGE][PASSED] - Delayed 1 second(s)

2018-09-30 17:41:42 - [TEST_STEP][PASSED] - click: Object: 'Object Repository/Page_Multi Step Registration/strong_Personal Info' is clicked on

2018-09-30 17:41:44 - [MESSAGE][PASSED] - Object: 'Object Repository/Page_Multi Step Registration/strong_Personal Info' is clicked on

2018-09-30 17:41:44 - [TEST_STEP][PASSED] - delay: Delayed 1 second(s)

2018-09-30 17:41:45 - [MESSAGE][PASSED] - Delayed 1 second(s)

2018-09-30 17:41:45 - [TEST_STEP][PASSED] - focus: Object: 'Object Repository/Page_Multi Step Registration/input_Log Out_1' is focused

2018-09-30 17:41:48 - [MESSAGE][PASSED] - Object: 'Object Repository/Page_Multi Step Registration/input_Log Out_1' is focused

2018-09-30 17:41:48 - [TEST_STEP][PASSED] - click: Object: 'Object Repository/Page_Multi Step Registration/input_Log Out_1' is clicked on

2018-09-30 17:41:50 - [MESSAGE][PASSED] - Object: 'Object Repository/Page_Multi Step Registration/input_Log Out_1' is clicked on

2018-09-30 17:41:50 - [TEST_STEP][PASSED] - delay: Delayed 1 second(s)

2018-09-30 17:41:51 - [MESSAGE][PASSED] - Delayed 1 second(s)

2018-09-30 17:41:51 - [TEST_STEP][PASSED] - click: Object: 'Object Repository/Page_Multi Step Registration/strong_Business Info' is clicked on

2018-09-30 17:41:53 - [MESSAGE][PASSED] - Object: 'Object Repository/Page_Multi Step Registration/strong_Business Info' is clicked on

2018-09-30 17:41:53 - [TEST_STEP][PASSED] - delay: Delayed 1 second(s)

2018-09-30 17:41:54 - [MESSAGE][PASSED] - Delayed 1 second(s)

2018-09-30 17:41:54 - [TEST_STEP][PASSED] - focus: Object: 'Object Repository/Page_Multi Step Registration/input_Log Out_2' is focused

2018-09-30 17:41:57 - [MESSAGE][PASSED] - Object: 'Object Repository/Page_Multi Step Registration/input_Log Out_2' is focused

2018-09-30 17:41:57 - [TEST_STEP][PASSED] - click: Object: 'Object Repository/Page_Multi Step Registration/input_Log Out_2' is clicked on

2018-09-30 17:41:59 - [MESSAGE][PASSED] - Object: 'Object Repository/Page_Multi Step Registration/input_Log Out_2' is clicked on

2018-09-30 17:41:59 - [TEST_STEP][PASSED] - delay: Delayed 1 second(s)

2018-09-30 17:42:00 - [MESSAGE][PASSED] - Delayed 1 second(s)

2018-09-30 17:42:00 - [TEST_STEP][PASSED] - click: Object: 'Object Repository/Page_Multi Step Registration/strong_Company Info' is clicked on

2018-09-30 17:42:02 - [MESSAGE][PASSED] - Object: 'Object Repository/Page_Multi Step Registration/strong_Company Info' is clicked on

2018-09-30 17:42:02 - [TEST_STEP][PASSED] - delay: Delayed 1 second(s)

2018-09-30 17:42:03 - [MESSAGE][PASSED] - Delayed 1 second(s)

2018-09-30 17:42:03 - [TEST_STEP][PASSED] - focus: Object: 'Object Repository/Page_Multi Step Registration/input_Log Out_step85_next' is focused

2018-09-30 17:42:06 - [MESSAGE][PASSED] - Object: 'Object Repository/Page_Multi Step Registration/input_Log Out_step85_next' is focused

2018-09-30 17:42:06 - [TEST_STEP][PASSED] - click: Object: 'Object Repository/Page_Multi Step Registration/input_Log Out_step85_next' is clicked on

2018-09-30 17:42:25 - [MESSAGE][PASSED] - Object: 'Object Repository/Page_Multi Step Registration/input_Log Out_step85_next' is clicked on

2018-09-30 17:42:25 - [TEST_STEP][PASSED] - delay: Delayed 1 second(s)

2018-09-30 17:42:26 - [MESSAGE][PASSED] - Delayed 1 second(s)

2018-09-30 17:42:26 - [TEST_STEP][PASSED] - closeBrowser: Browser is closed

2018-09-30 17:42:27 - [MESSAGE][PASSED] - Browser is closed]]></system-out>
         <system-err><![CDATA[]]></system-err>
      </testcase>
      <system-out><![CDATA[2018-09-30 17:38:46 - [TEST_SUITE][PASSED] - MultiStepVendorRegistrationAddon: Test Cases/MultiStepVendorRegistrationAddon/CheckMultiStepRegistrationOnFrontend]]></system-out>
      <system-err><![CDATA[]]></system-err>
   </testsuite>
</testsuites>
